Using pre-set license
Built from '2020.3/staging' branch; Version is '2020.3.17f1 (a4537701e4ab) revision 10769271'; Using compiler version '192528614'; Build Type 'Release'
OS: 'Windows Server 2019 Standard; OS build 17763.2183; Version 1809; 64bit' Language: 'en' Physical Memory: 32441 MB
BatchMode: 1, IsHumanControllingUs: 0, StartBugReporterOnCrash: 0, Is64bit: 1, IsPro: 0

COMMAND LINE ARGUMENTS:
C:\Program Files\Unity\Hub\Editor\2020.3.17f1\Editor\Unity.exe
-adb2
-batchMode
-noUpm
-name
AssetImportWorker0
-projectPath
E:/GitHub/Mission-Demolition/Mission-Demolition2021
-logFile
Logs/AssetImportWorker0.log
-srvPort
56256
Successfully changed project path to: E:/GitHub/Mission-Demolition/Mission-Demolition2021
E:/GitHub/Mission-Demolition/Mission-Demolition2021
Using Asset Import Pipeline V2.
Refreshing native plugins compatible for Editor in 143.55 ms, found 2 plugins.
Preloading 0 native plugins for Editor in 0.00 ms.
Initialize engine version: 2020.3.17f1 (a4537701e4ab)
[Subsystems] Discovering subsystems at path C:/Program Files/Unity/Hub/Editor/2020.3.17f1/Editor/Data/Resources/UnitySubsystems
[Subsystems] Discovering subsystems at path E:/GitHub/Mission-Demolition/Mission-Demolition2021/Assets
GfxDevice: creating device client; threaded=0
Direct3D:
    Version:  Direct3D 11.0 [level 11.1]
    Renderer: NVIDIA GeForce GTX 1080 (ID=0x1b80)
    Vendor:   
    VRAM:     8079 MB
    Driver:   30.0.14.7168
Initialize mono
Mono path[0] = 'C:/Program Files/Unity/Hub/Editor/2020.3.17f1/Editor/Data/Managed'
Mono path[1] = 'C:/Program Files/Unity/Hub/Editor/2020.3.17f1/Editor/Data/MonoBleedingEdge/lib/mono/unityjit'
Mono config path = 'C:/Program Files/Unity/Hub/Editor/2020.3.17f1/Editor/Data/MonoBleedingEdge/etc'
Using monoOptions --debugger-agent=transport=dt_socket,embedding=1,server=y,suspend=n,address=127.0.0.1:56224
Begin MonoManager ReloadAssembly
Registering precompiled unity dll's ...
Register platform support module: C:/Program Files/Unity/Hub/Editor/2020.3.17f1/Editor/Data/PlaybackEngines/WindowsStandaloneSupport/UnityEditor.WindowsStandalone.Extensions.dll
Registered in 0.155540 seconds.
Native extension for WindowsStandalone target not found
Refreshing native plugins compatible for Editor in 36.81 ms, found 2 plugins.
Preloading 0 native plugins for Editor in 0.00 ms.
Mono: successfully reloaded assembly
- Completed reload, in  5.122 seconds
Domain Reload Profiling:
	ReloadAssembly (5122ms)
		BeginReloadAssembly (3146ms)
			ExecutionOrderSort (0ms)
			DisableScriptedObjects (0ms)
			BackupInstance (0ms)
			ReleaseScriptingObjects (0ms)
			CreateAndSetChildDomain (1ms)
		EndReloadAssembly (1026ms)
			LoadAssemblies (3144ms)
			RebuildTransferFunctionScriptingTraits (0ms)
			SetupTypeCache (476ms)
			ReleaseScriptCaches (0ms)
			RebuildScriptCaches (38ms)
			SetupLoadedEditorAssemblies (326ms)
				LogAssemblyErrors (0ms)
				InitializePlatformSupportModulesInManaged (10ms)
				SetLoadedEditorAssemblies (0ms)
				RefreshPlugins (37ms)
				BeforeProcessingInitializeOnLoad (142ms)
				ProcessInitializeOnLoadAttributes (96ms)
				ProcessInitializeOnLoadMethodAttributes (40ms)
				AfterProcessingInitializeOnLoad (0ms)
				EditorAssembliesLoaded (0ms)
			ExecutionOrderSort2 (0ms)
			AwakeInstancesAfterBackupRestoration (0ms)
Platform modules already initialized, skipping
Registering precompiled user dll's ...
Registered in 0.627139 seconds.
Begin MonoManager ReloadAssembly
Native extension for WindowsStandalone target not found
Refreshing native plugins compatible for Editor in 0.35 ms, found 2 plugins.
Preloading 0 native plugins for Editor in 0.00 ms.
Mono: successfully reloaded assembly
- Completed reload, in  3.709 seconds
Domain Reload Profiling:
	ReloadAssembly (3715ms)
		BeginReloadAssembly (162ms)
			ExecutionOrderSort (0ms)
			DisableScriptedObjects (4ms)
			BackupInstance (0ms)
			ReleaseScriptingObjects (0ms)
			CreateAndSetChildDomain (22ms)
		EndReloadAssembly (3481ms)
			LoadAssemblies (1479ms)
			RebuildTransferFunctionScriptingTraits (0ms)
			SetupTypeCache (1167ms)
			ReleaseScriptCaches (0ms)
			RebuildScriptCaches (67ms)
			SetupLoadedEditorAssemblies (662ms)
				LogAssemblyErrors (0ms)
				InitializePlatformSupportModulesInManaged (5ms)
				SetLoadedEditorAssemblies (0ms)
				RefreshPlugins (0ms)
				BeforeProcessingInitializeOnLoad (87ms)
				ProcessInitializeOnLoadAttributes (560ms)
				ProcessInitializeOnLoadMethodAttributes (5ms)
				AfterProcessingInitializeOnLoad (4ms)
				EditorAssembliesLoaded (0ms)
			ExecutionOrderSort2 (0ms)
			AwakeInstancesAfterBackupRestoration (8ms)
Platform modules already initialized, skipping
========================================================================
Worker process is ready to serve import requests
Launched and connected shader compiler UnityShaderCompiler.exe after 0.12 seconds
Refreshing native plugins compatible for Editor in 0.68 ms, found 2 plugins.
Preloading 0 native plugins for Editor in 0.00 ms.
Unloading 1402 Unused Serialized files (Serialized files now loaded: 0)
System memory in use before: 65.5 MB.
System memory in use after: 65.5 MB.

Unloading 18 unused Assets to reduce memory usage. Loaded Objects now: 1837.
Total: 4.029700 ms (FindLiveObjects: 0.219100 ms CreateObjectMapping: 0.060100 ms MarkObjects: 3.629300 ms  DeleteObjects: 0.119400 ms)

AssetImportParameters requested are different than current active one (requested -> active):
  custom:framework-win-MediaFoundation: 216162199b28c13a410421893ffa2e32 -> 
  custom:video-decoder-ogg-theora: a1e56fd34408186e4bbccfd4996cb3dc -> 
  custom:container-muxer-webm: aa71ff27fc2769a1b78a27578f13a17b -> 
  custom:container-demuxer-webm: 4f35f7cbe854078d1ac9338744f61a02 -> 
  custom:container-demuxer-ogg: 62fdf1f143b41e24485cea50d1cbac27 -> 
  custom:video-encoder-webm-vp8: eb34c28f22e8b96e1ab97ce403110664 -> 
  custom:video-decoder-webm-vp8: 9c59270c3fd7afecdb556c50c9e8de78 -> 
  custom:audio-decoder-ogg-vorbis: bf7c407c2cedff20999df2af8eb42d56 -> 
  custom:audio-encoder-webm-vorbis: bf7c407c2cedff20999df2af8eb42d56 -> 
========================================================================
Received Import Request.
  path: Assets/Materials/Mat_Goal.mat
  artifactKey: Guid(fa1a8edad3b190f468ca5b410be221e6) Importer(815301076,1909f56bfc062723c751e8b465ee728b)
Start importing Assets/Materials/Mat_Goal.mat using Guid(fa1a8edad3b190f468ca5b410be221e6) Importer(815301076,1909f56bfc062723c751e8b465ee728b)  -> (artifact id: 'df1eb28908cbcd240cf99778e28519b7') in 0.143483 seconds 
  Import took 0.146712 seconds .

========================================================================
Received Import Request.
  Time since last request: 35.741199 seconds.
  path: Assets/Scripts/ProjectileLine.cs
  artifactKey: Guid(2f4d05cf7152ec94a8c5d77b967b1126) Importer(815301076,1909f56bfc062723c751e8b465ee728b)
Start importing Assets/Scripts/ProjectileLine.cs using Guid(2f4d05cf7152ec94a8c5d77b967b1126) Importer(815301076,1909f56bfc062723c751e8b465ee728b)  -> (artifact id: 'fc4a2de8d634e0afbff9d2f5939d0854') in 0.012605 seconds 
  Import took 0.016979 seconds .

========================================================================
Received Import Request.
  Time since last request: 493.671994 seconds.
  path: Assets/Scripts/ProjectileLine.cs
  artifactKey: Guid(2f4d05cf7152ec94a8c5d77b967b1126) Importer(815301076,1909f56bfc062723c751e8b465ee728b)
Start importing Assets/Scripts/ProjectileLine.cs using Guid(2f4d05cf7152ec94a8c5d77b967b1126) Importer(815301076,1909f56bfc062723c751e8b465ee728b)  -> (artifact id: 'e57dcce23ffa2cfc39246d61f464e8ed') in 0.007992 seconds 
  Import took 0.011550 seconds .

========================================================================
Received Import Request.
  Time since last request: 0.001080 seconds.
  path: Assets/Scripts/ProjectileLine.cs
  artifactKey: Guid(2f4d05cf7152ec94a8c5d77b967b1126) Importer(815301076,1909f56bfc062723c751e8b465ee728b)
Start importing Assets/Scripts/ProjectileLine.cs using Guid(2f4d05cf7152ec94a8c5d77b967b1126) Importer(815301076,1909f56bfc062723c751e8b465ee728b)  -> (artifact id: 'e57dcce23ffa2cfc39246d61f464e8ed') in 0.002403 seconds 
  Import took 0.005387 seconds .

========================================================================
Received Import Request.
  Time since last request: 36.894427 seconds.
  path: Assets/Scripts/ProjectileLine.cs
  artifactKey: Guid(2f4d05cf7152ec94a8c5d77b967b1126) Importer(815301076,1909f56bfc062723c751e8b465ee728b)
Start importing Assets/Scripts/ProjectileLine.cs using Guid(2f4d05cf7152ec94a8c5d77b967b1126) Importer(815301076,1909f56bfc062723c751e8b465ee728b)  -> (artifact id: '7830edbd57f901ffc203aae58a509c35') in 0.004578 seconds 
  Import took 0.007759 seconds .

========================================================================
Received Import Request.
  Time since last request: 0.003729 seconds.
  path: Assets/Scripts/ProjectileLine.cs
  artifactKey: Guid(2f4d05cf7152ec94a8c5d77b967b1126) Importer(815301076,1909f56bfc062723c751e8b465ee728b)
Start importing Assets/Scripts/ProjectileLine.cs using Guid(2f4d05cf7152ec94a8c5d77b967b1126) Importer(815301076,1909f56bfc062723c751e8b465ee728b)  -> (artifact id: '7830edbd57f901ffc203aae58a509c35') in 0.004943 seconds 
  Import took 0.008198 seconds .

========================================================================
Received Import Request.
  Time since last request: 165.260204 seconds.
  path: Assets/Scripts/ProjectileLine.cs
  artifactKey: Guid(2f4d05cf7152ec94a8c5d77b967b1126) Importer(815301076,1909f56bfc062723c751e8b465ee728b)
Start importing Assets/Scripts/ProjectileLine.cs using Guid(2f4d05cf7152ec94a8c5d77b967b1126) Importer(815301076,1909f56bfc062723c751e8b465ee728b)  -> (artifact id: 'e85b1a36ee59de7d4fd3ae6f8e23cb6b') in 0.002078 seconds 
  Import took 0.004975 seconds .

========================================================================
Received Import Request.
  Time since last request: 91.832620 seconds.
  path: Assets/Scripts/ProjectileLine.cs
  artifactKey: Guid(2f4d05cf7152ec94a8c5d77b967b1126) Importer(815301076,1909f56bfc062723c751e8b465ee728b)
Start importing Assets/Scripts/ProjectileLine.cs using Guid(2f4d05cf7152ec94a8c5d77b967b1126) Importer(815301076,1909f56bfc062723c751e8b465ee728b)  -> (artifact id: 'de2ae5d44f8c16843bf2e9751e36f0d7') in 0.007319 seconds 
  Import took 0.011384 seconds .

========================================================================
Received Import Request.
  Time since last request: 0.005265 seconds.
  path: Assets/Scripts/ProjectileLine.cs
  artifactKey: Guid(2f4d05cf7152ec94a8c5d77b967b1126) Importer(815301076,1909f56bfc062723c751e8b465ee728b)
Start importing Assets/Scripts/ProjectileLine.cs using Guid(2f4d05cf7152ec94a8c5d77b967b1126) Importer(815301076,1909f56bfc062723c751e8b465ee728b)  -> (artifact id: 'de2ae5d44f8c16843bf2e9751e36f0d7') in 0.003917 seconds 
  Import took 0.006877 seconds .

========================================================================
Received Import Request.
  Time since last request: 144.401559 seconds.
  path: Assets/Scripts/ProjectileLine.cs
  artifactKey: Guid(2f4d05cf7152ec94a8c5d77b967b1126) Importer(815301076,1909f56bfc062723c751e8b465ee728b)
Start importing Assets/Scripts/ProjectileLine.cs using Guid(2f4d05cf7152ec94a8c5d77b967b1126) Importer(815301076,1909f56bfc062723c751e8b465ee728b)  -> (artifact id: '6b2080ef6d93a37b1a0ae7e40fc6c0a0') in 0.005673 seconds 
  Import took 0.008550 seconds .

========================================================================
Received Import Request.
  Time since last request: 0.002785 seconds.
  path: Assets/Scripts/ProjectileLine.cs
  artifactKey: Guid(2f4d05cf7152ec94a8c5d77b967b1126) Importer(815301076,1909f56bfc062723c751e8b465ee728b)
Start importing Assets/Scripts/ProjectileLine.cs using Guid(2f4d05cf7152ec94a8c5d77b967b1126) Importer(815301076,1909f56bfc062723c751e8b465ee728b)  -> (artifact id: '6b2080ef6d93a37b1a0ae7e40fc6c0a0') in 0.003277 seconds 
  Import took 0.006524 seconds .

========================================================================
Received Import Request.
  Time since last request: 164.461633 seconds.
  path: Assets/Scripts/ProjectileLine.cs
  artifactKey: Guid(2f4d05cf7152ec94a8c5d77b967b1126) Importer(815301076,1909f56bfc062723c751e8b465ee728b)
Start importing Assets/Scripts/ProjectileLine.cs using Guid(2f4d05cf7152ec94a8c5d77b967b1126) Importer(815301076,1909f56bfc062723c751e8b465ee728b)  -> (artifact id: '15181123fd3ceecdec2cc03b95cb50d3') in 0.002432 seconds 
  Import took 0.005499 seconds .

========================================================================
Received Import Request.
  Time since last request: 93.821477 seconds.
  path: Assets/Scripts/ProjectileLine.cs
  artifactKey: Guid(2f4d05cf7152ec94a8c5d77b967b1126) Importer(815301076,1909f56bfc062723c751e8b465ee728b)
Start importing Assets/Scripts/ProjectileLine.cs using Guid(2f4d05cf7152ec94a8c5d77b967b1126) Importer(815301076,1909f56bfc062723c751e8b465ee728b)  -> (artifact id: '3aa672ff0ceaab7f6975646eb0ed6aa2') in 0.004817 seconds 
  Import took 0.007602 seconds .

========================================================================
Received Import Request.
  Time since last request: 98.661076 seconds.
  path: Assets/Scripts/ProjectileLine.cs
  artifactKey: Guid(2f4d05cf7152ec94a8c5d77b967b1126) Importer(815301076,1909f56bfc062723c751e8b465ee728b)
Start importing Assets/Scripts/ProjectileLine.cs using Guid(2f4d05cf7152ec94a8c5d77b967b1126) Importer(815301076,1909f56bfc062723c751e8b465ee728b)  -> (artifact id: '51a7edee77a9548050e636d5d407afd1') in 0.003877 seconds 
  Import took 0.007907 seconds .

========================================================================
Received Import Request.
  Time since last request: 92.521266 seconds.
  path: Assets/Scripts/ProjectileLine.cs
  artifactKey: Guid(2f4d05cf7152ec94a8c5d77b967b1126) Importer(815301076,1909f56bfc062723c751e8b465ee728b)
Start importing Assets/Scripts/ProjectileLine.cs using Guid(2f4d05cf7152ec94a8c5d77b967b1126) Importer(815301076,1909f56bfc062723c751e8b465ee728b)  -> (artifact id: 'a4b77942c00ff417af3eb2f54860ebc2') in 0.006008 seconds 
  Import took 0.011140 seconds .

========================================================================
Received Import Request.
  Time since last request: 0.006198 seconds.
  path: Assets/Scripts/ProjectileLine.cs
  artifactKey: Guid(2f4d05cf7152ec94a8c5d77b967b1126) Importer(815301076,1909f56bfc062723c751e8b465ee728b)
Start importing Assets/Scripts/ProjectileLine.cs using Guid(2f4d05cf7152ec94a8c5d77b967b1126) Importer(815301076,1909f56bfc062723c751e8b465ee728b)  -> (artifact id: 'a4b77942c00ff417af3eb2f54860ebc2') in 0.002420 seconds 
  Import took 0.005646 seconds .

========================================================================
Received Prepare
Registering precompiled user dll's ...
Registered in 0.003742 seconds.
Begin MonoManager ReloadAssembly
Native extension for WindowsStandalone target not found
Refreshing native plugins compatible for Editor in 0.38 ms, found 2 plugins.
Preloading 0 native plugins for Editor in 0.00 ms.
Mono: successfully reloaded assembly
- Completed reload, in  1.099 seconds
Domain Reload Profiling:
	ReloadAssembly (1099ms)
		BeginReloadAssembly (110ms)
			ExecutionOrderSort (0ms)
			DisableScriptedObjects (4ms)
			BackupInstance (0ms)
			ReleaseScriptingObjects (0ms)
			CreateAndSetChildDomain (39ms)
		EndReloadAssembly (924ms)
			LoadAssemblies (84ms)
			RebuildTransferFunctionScriptingTraits (0ms)
			SetupTypeCache (320ms)
			ReleaseScriptCaches (1ms)
			RebuildScriptCaches (52ms)
			SetupLoadedEditorAssemblies (374ms)
				LogAssemblyErrors (0ms)
				InitializePlatformSupportModulesInManaged (5ms)
				SetLoadedEditorAssemblies (0ms)
				RefreshPlugins (0ms)
				BeforeProcessingInitializeOnLoad (65ms)
				ProcessInitializeOnLoadAttributes (295ms)
				ProcessInitializeOnLoadMethodAttributes (4ms)
				AfterProcessingInitializeOnLoad (4ms)
				EditorAssembliesLoaded (0ms)
			ExecutionOrderSort2 (0ms)
			AwakeInstancesAfterBackupRestoration (6ms)
Platform modules already initialized, skipping
Refreshing native plugins compatible for Editor in 0.43 ms, found 2 plugins.
Preloading 0 native plugins for Editor in 0.00 ms.
Unloading 1397 Unused Serialized files (Serialized files now loaded: 0)
System memory in use before: 68.7 MB.
System memory in use after: 68.8 MB.

Unloading 13 unused Assets to reduce memory usage. Loaded Objects now: 1880.
Total: 3.580900 ms (FindLiveObjects: 0.309600 ms CreateObjectMapping: 0.092900 ms MarkObjects: 3.145900 ms  DeleteObjects: 0.031000 ms)

AssetImportParameters requested are different than current active one (requested -> active):
  custom:framework-win-MediaFoundation: 216162199b28c13a410421893ffa2e32 -> 
  custom:video-decoder-ogg-theora: a1e56fd34408186e4bbccfd4996cb3dc -> 
  custom:container-muxer-webm: aa71ff27fc2769a1b78a27578f13a17b -> 
  custom:container-demuxer-webm: 4f35f7cbe854078d1ac9338744f61a02 -> 
  custom:container-demuxer-ogg: 62fdf1f143b41e24485cea50d1cbac27 -> 
  custom:video-encoder-webm-vp8: eb34c28f22e8b96e1ab97ce403110664 -> 
  custom:video-decoder-webm-vp8: 9c59270c3fd7afecdb556c50c9e8de78 -> 
  custom:audio-decoder-ogg-vorbis: bf7c407c2cedff20999df2af8eb42d56 -> 
  custom:audio-encoder-webm-vorbis: bf7c407c2cedff20999df2af8eb42d56 -> 
